Using pre-set license
Built from '2020.3/staging' branch; Version is '2020.3.19f1 (68f137dc9bbe) revision 6877495'; Using compiler version '192528614'; Build Type 'Release'
OS: 'Windows 10 Education; OS build 19042.1237; Version 2009; 64bit' Language: 'ko' Physical Memory: 16337 MB
BatchMode: 1, IsHumanControllingUs: 0, StartBugReporterOnCrash: 0, Is64bit: 1, IsPro: 0

COMMAND LINE ARGUMENTS:
C:\Program Files\Unity\Hub\Editor\2020.3.19f1\Editor\Unity.exe
-adb2
-batchMode
-noUpm
-name
AssetImportWorker0
-projectPath
C:/Users/Game/Desktop/test234/Capstone_2021_Urachacha/으랏차차_백업2_캐릭터완
-logFile
Logs/AssetImportWorker0.log
-srvPort
54649
Successfully changed project path to: C:/Users/Game/Desktop/test234/Capstone_2021_Urachacha/으랏차차_백업2_캐릭터완
C:/Users/Game/Desktop/test234/Capstone_2021_Urachacha/으랏차차_백업2_캐릭터완
Using Asset Import Pipeline V2.
Refreshing native plugins compatible for Editor in 51.06 ms, found 2 plugins.
Preloading 0 native plugins for Editor in 0.00 ms.
Initialize engine version: 2020.3.19f1 (68f137dc9bbe)
[Subsystems] Discovering subsystems at path C:/Program Files/Unity/Hub/Editor/2020.3.19f1/Editor/Data/Resources/UnitySubsystems
[Subsystems] Discovering subsystems at path C:/Users/Game/Desktop/test234/Capstone_2021_Urachacha/으랏차차_백업2_캐릭터완/Assets
GfxDevice: creating device client; threaded=0
Direct3D:
    Version:  Direct3D 11.0 [level 11.1]
    Renderer: NVIDIA GeForce GTX 1070 (ID=0x1b81)
    Vendor:   
    VRAM:     8088 MB
    Driver:   30.0.14.7196
Initialize mono
Mono path[0] = 'C:/Program Files/Unity/Hub/Editor/2020.3.19f1/Editor/Data/Managed'
Mono path[1] = 'C:/Program Files/Unity/Hub/Editor/2020.3.19f1/Editor/Data/MonoBleedingEdge/lib/mono/unityjit'
Mono config path = 'C:/Program Files/Unity/Hub/Editor/2020.3.19f1/Editor/Data/MonoBleedingEdge/etc'
Using monoOptions --debugger-agent=transport=dt_socket,embedding=1,server=y,suspend=n,address=127.0.0.1:56216
Begin MonoManager ReloadAssembly
Registering precompiled unity dll's ...
Register platform support module: C:/Program Files/Unity/Hub/Editor/2020.3.19f1/Editor/Data/PlaybackEngines/WindowsStandaloneSupport/UnityEditor.WindowsStandalone.Extensions.dll
Registered in 0.005565 seconds.
Native extension for WindowsStandalone target not found
Refreshing native plugins compatible for Editor in 42.06 ms, found 2 plugins.
Preloading 0 native plugins for Editor in 0.00 ms.
Mono: successfully reloaded assembly
- Completed reload, in  1.057 seconds
Domain Reload Profiling:
	ReloadAssembly (1057ms)
		BeginReloadAssembly (83ms)
			ExecutionOrderSort (0ms)
			DisableScriptedObjects (0ms)
			BackupInstance (0ms)
			ReleaseScriptingObjects (0ms)
			CreateAndSetChildDomain (1ms)
		EndReloadAssembly (445ms)
			LoadAssemblies (76ms)
			RebuildTransferFunctionScriptingTraits (0ms)
			SetupTypeCache (146ms)
			ReleaseScriptCaches (0ms)
			RebuildScriptCaches (29ms)
			SetupLoadedEditorAssemblies (149ms)
				LogAssemblyErrors (0ms)
				InitializePlatformSupportModulesInManaged (4ms)
				SetLoadedEditorAssemblies (0ms)
				RefreshPlugins (42ms)
				BeforeProcessingInitializeOnLoad (12ms)
				ProcessInitializeOnLoadAttributes (66ms)
				ProcessInitializeOnLoadMethodAttributes (25ms)
				AfterProcessingInitializeOnLoad (0ms)
				EditorAssembliesLoaded (0ms)
			ExecutionOrderSort2 (0ms)
			AwakeInstancesAfterBackupRestoration (0ms)
Platform modules already initialized, skipping
Registering precompiled user dll's ...
Registered in 0.010112 seconds.
Begin MonoManager ReloadAssembly
Native extension for WindowsStandalone target not found
Refreshing native plugins compatible for Editor in 0.49 ms, found 2 plugins.
Preloading 0 native plugins for Editor in 0.00 ms.
Mono: successfully reloaded assembly
- Completed reload, in  1.106 seconds
Domain Reload Profiling:
	ReloadAssembly (1107ms)
		BeginReloadAssembly (157ms)
			ExecutionOrderSort (0ms)
			DisableScriptedObjects (4ms)
			BackupInstance (0ms)
			ReleaseScriptingObjects (0ms)
			CreateAndSetChildDomain (16ms)
		EndReloadAssembly (874ms)
			LoadAssemblies (128ms)
			RebuildTransferFunctionScriptingTraits (0ms)
			SetupTypeCache (306ms)
			ReleaseScriptCaches (0ms)
			RebuildScriptCaches (40ms)
			SetupLoadedEditorAssemblies (307ms)
				LogAssemblyErrors (0ms)
				InitializePlatformSupportModulesInManaged (5ms)
				SetLoadedEditorAssemblies (0ms)
				RefreshPlugins (1ms)
				BeforeProcessingInitializeOnLoad (107ms)
				ProcessInitializeOnLoadAttributes (171ms)
				ProcessInitializeOnLoadMethodAttributes (4ms)
				AfterProcessingInitializeOnLoad (19ms)
				EditorAssembliesLoaded (0ms)
			ExecutionOrderSort2 (0ms)
			AwakeInstancesAfterBackupRestoration (6ms)
Platform modules already initialized, skipping
========================================================================
Worker process is ready to serve import requests
Launched and connected shader compiler UnityShaderCompiler.exe after 0.04 seconds
Refreshing native plugins compatible for Editor in 0.55 ms, found 2 plugins.
Preloading 0 native plugins for Editor in 0.00 ms.
Unloading 1622 Unused Serialized files (Serialized files now loaded: 0)
System memory in use before: 75.8 MB.
System memory in use after: 75.9 MB.

Unloading 21 unused Assets to reduce memory usage. Loaded Objects now: 2059.
Total: 2.425300 ms (FindLiveObjects: 0.155900 ms CreateObjectMapping: 0.054500 ms MarkObjects: 2.122400 ms  DeleteObjects: 0.091600 ms)

AssetImportParameters requested are different than current active one (requested -> active):
  custom:framework-win-MediaFoundation: 216162199b28c13a410421893ffa2e32 -> 
  custom:video-decoder-ogg-theora: a1e56fd34408186e4bbccfd4996cb3dc -> 
  custom:container-muxer-webm: aa71ff27fc2769a1b78a27578f13a17b -> 
  custom:container-demuxer-webm: 4f35f7cbe854078d1ac9338744f61a02 -> 
  custom:container-demuxer-ogg: 62fdf1f143b41e24485cea50d1cbac27 -> 
  custom:video-encoder-webm-vp8: eb34c28f22e8b96e1ab97ce403110664 -> 
  custom:video-decoder-webm-vp8: 9c59270c3fd7afecdb556c50c9e8de78 -> 
  custom:audio-decoder-ogg-vorbis: bf7c407c2cedff20999df2af8eb42d56 -> 
  custom:audio-encoder-webm-vorbis: bf7c407c2cedff20999df2af8eb42d56 -> 
========================================================================
Received Import Request.
  path: Assets/_Prefabs/Castle_Area.prefab
  artifactKey: Guid(448ccdf5b4a8ec54b9e50a628ffaccd1) Importer(815301076,1909f56bfc062723c751e8b465ee728b)
Start importing Assets/_Prefabs/Castle_Area.prefab using Guid(448ccdf5b4a8ec54b9e50a628ffaccd1) Importer(815301076,1909f56bfc062723c751e8b465ee728b)  -> (artifact id: 'b80fac7330562c5935ecba96377dec63') in 1.025291 seconds 
  Import took 1.127882 seconds .

========================================================================
Received Import Request.
  Time since last request: 0.000212 seconds.
  path: Assets/_Prefabs/Knight.prefab
  artifactKey: Guid(16a2d07c0517e4246872306a7d8fed48) Importer(815301076,1909f56bfc062723c751e8b465ee728b)
Start importing Assets/_Prefabs/Knight.prefab using Guid(16a2d07c0517e4246872306a7d8fed48) Importer(815301076,1909f56bfc062723c751e8b465ee728b)  -> (artifact id: 'd948df4464a6704c7015dac6b9e86a3b') in 0.012903 seconds 
  Import took 0.015715 seconds .

========================================================================
Received Import Request.
  Time since last request: 0.000246 seconds.
  path: Assets/_Prefabs/Start_Area.prefab
  artifactKey: Guid(61c154368b731604cbb28114de9df95d) Importer(815301076,1909f56bfc062723c751e8b465ee728b)
Start importing Assets/_Prefabs/Start_Area.prefab using Guid(61c154368b731604cbb28114de9df95d) Importer(815301076,1909f56bfc062723c751e8b465ee728b)  -> (artifact id: '6f64dd05ebd774d1ce13302a50a0cd71') in 0.063271 seconds 
  Import took 0.071608 seconds .

========================================================================
Received Import Request.
  Time since last request: 1.695921 seconds.
  path: Assets/_Prefabs/Space_Map
  artifactKey: Guid(df284e51a1d04884e9e8b7d393199555) Importer(815301076,1909f56bfc062723c751e8b465ee728b)
Start importing Assets/_Prefabs/Space_Map using Guid(df284e51a1d04884e9e8b7d393199555) Importer(815301076,1909f56bfc062723c751e8b465ee728b)  -> (artifact id: '0fc144e401899b3dbe039e4a6d27b4ba') in 0.003168 seconds 
  Import took 0.005669 seconds .

========================================================================
Received Import Request.
  Time since last request: 0.032435 seconds.
  path: Assets/_Prefabs/Space_Map/Space_Area.prefab
  artifactKey: Guid(f6d8585d03258af4f8a723a81d69ef7b) Importer(815301076,1909f56bfc062723c751e8b465ee728b)
Start importing Assets/_Prefabs/Space_Map/Space_Area.prefab using Guid(f6d8585d03258af4f8a723a81d69ef7b) Importer(815301076,1909f56bfc062723c751e8b465ee728b)  -> (artifact id: '1dd88ddf817b33874fd8295b3877703d') in 0.145198 seconds 
  Import took 0.163840 seconds .

========================================================================
Received Import Request.
  Time since last request: 76.944412 seconds.
  path: Assets/_Prefab
  artifactKey: Guid(98cf4d32d138e1a45987c3d5da0fdb19) Importer(815301076,1909f56bfc062723c751e8b465ee728b)
Start importing Assets/_Prefab using Guid(98cf4d32d138e1a45987c3d5da0fdb19) Importer(815301076,1909f56bfc062723c751e8b465ee728b)  -> (artifact id: '37699ffc6d036fcbb7a8ca25a363559d') in 0.003504 seconds 
  Import took 0.006141 seconds .

========================================================================
Received Import Request.
  Time since last request: 0.195518 seconds.
  path: Assets/_Prefab/Desert Area.prefab
  artifactKey: Guid(710aff8aa86b34044b13d364bc3785bb) Importer(815301076,1909f56bfc062723c751e8b465ee728b)
Start importing Assets/_Prefab/Desert Area.prefab using Guid(710aff8aa86b34044b13d364bc3785bb) Importer(815301076,1909f56bfc062723c751e8b465ee728b)  -> (artifact id: 'bece5c2406617d5b16169ef764b7e44d') in 1.265126 seconds 
  Import took 1.414437 seconds .

========================================================================
Received Import Request.
  Time since last request: 0.000206 seconds.
  path: Assets/_Prefab/Jungle Area.prefab
  artifactKey: Guid(3b93cec3561f58c48afddbeffc554b1e) Importer(815301076,1909f56bfc062723c751e8b465ee728b)
Start importing Assets/_Prefab/Jungle Area.prefab using Guid(3b93cec3561f58c48afddbeffc554b1e) Importer(815301076,1909f56bfc062723c751e8b465ee728b)  -> (artifact id: '2f0c90247d90fc882b5204199bbb19f9') in 1.058866 seconds 
  Import took 1.164848 seconds .

========================================================================
Received Import Request.
  Time since last request: 21.200729 seconds.
  path: Assets/_Prefabs/Ice_Map/Ice_Area.prefab
  artifactKey: Guid(ed183fcf30f55fe49a9d438c517cc2da) Importer(815301076,1909f56bfc062723c751e8b465ee728b)
Start importing Assets/_Prefabs/Ice_Map/Ice_Area.prefab using Guid(ed183fcf30f55fe49a9d438c517cc2da) Importer(815301076,1909f56bfc062723c751e8b465ee728b)  -> (artifact id: 'e1f36d9f7b615525c4f8b1ffde507441') in 0.154180 seconds 
  Import took 0.172649 seconds .

========================================================================
Received Import Request.
  Time since last request: 4.896897 seconds.
  path: Assets/_Prefabs/Jungle
  artifactKey: Guid(43eb05953dadfbe44920e3de5ed7c968) Importer(815301076,1909f56bfc062723c751e8b465ee728b)
Start importing Assets/_Prefabs/Jungle using Guid(43eb05953dadfbe44920e3de5ed7c968) Importer(815301076,1909f56bfc062723c751e8b465ee728b)  -> (artifact id: 'c9e90ac2cef045f84ce5ee56e50b77bb') in 0.003750 seconds 
  Import took 0.006375 seconds .

========================================================================
Received Import Request.
  Time since last request: 6.524977 seconds.
  path: Assets/_Prefabs/Jungl
  artifactKey: Guid(43eb05953dadfbe44920e3de5ed7c968) Importer(815301076,1909f56bfc062723c751e8b465ee728b)
Start importing Assets/_Prefabs/Jungl using Guid(43eb05953dadfbe44920e3de5ed7c968) Importer(815301076,1909f56bfc062723c751e8b465ee728b)  -> (artifact id: '2b7318c49348c419c963734c1aa58b56') in 0.003259 seconds 
  Import took 0.005758 seconds .

========================================================================
Received Import Request.
  Time since last request: 4.379062 seconds.
  path: Assets/_Prefabs/Jungle/banana_tree_big_LOD_group.prefab
  artifactKey: Guid(992c7cadf49b91a4b81bd53244100fd9) Importer(815301076,1909f56bfc062723c751e8b465ee728b)
Start importing Assets/_Prefabs/Jungle/banana_tree_big_LOD_group.prefab using Guid(992c7cadf49b91a4b81bd53244100fd9) Importer(815301076,1909f56bfc062723c751e8b465ee728b)  -> (artifact id: '897db9629d32db1bd5cd92d5acbc718e') in 0.013484 seconds 
  Import took 0.016230 seconds .

========================================================================
Received Import Request.
  Time since last request: 0.000196 seconds.
  path: Assets/_Prefabs/Jungle/bush_square_small_flower_LOD_group.prefab
  artifactKey: Guid(a0a2c48bacb4ba9408705eb9e4e36a58) Importer(815301076,1909f56bfc062723c751e8b465ee728b)
Start importing Assets/_Prefabs/Jungle/bush_square_small_flower_LOD_group.prefab using Guid(a0a2c48bacb4ba9408705eb9e4e36a58) Importer(815301076,1909f56bfc062723c751e8b465ee728b)  -> (artifact id: 'b1888d1b5a814e161a5510b4665e9947') in 0.021049 seconds 
  Import took 0.023558 seconds .

========================================================================
Received Import Request.
  Time since last request: 0.000181 seconds.
  path: Assets/_Prefabs/Jungle/block_stone1_6_LOD_group.prefab
  artifactKey: Guid(fbb354c1bbfcbad43b2f3f2af74b63bd) Importer(815301076,1909f56bfc062723c751e8b465ee728b)
Start importing Assets/_Prefabs/Jungle/block_stone1_6_LOD_group.prefab using Guid(fbb354c1bbfcbad43b2f3f2af74b63bd) Importer(815301076,1909f56bfc062723c751e8b465ee728b)  -> (artifact id: 'f3efb8f9b2fbe3d93eac21b473f64485') in 0.019889 seconds 
  Import took 0.022509 seconds .

========================================================================
Received Import Request.
  Time since last request: 0.000175 seconds.
  path: Assets/_Prefabs/Jungle/bush_square_small_plain_LOD_group.prefab
  artifactKey: Guid(6fc44ac462b4d24449b42b19f3112cf6) Importer(815301076,1909f56bfc062723c751e8b465ee728b)
Start importing Assets/_Prefabs/Jungle/bush_square_small_plain_LOD_group.prefab using Guid(6fc44ac462b4d24449b42b19f3112cf6) Importer(815301076,1909f56bfc062723c751e8b465ee728b)  -> (artifact id: 'cb45fabc663c5226b7d37dcede3a5178') in 0.021129 seconds 
  Import took 0.023746 seconds .

========================================================================
Received Import Request.
  Time since last request: 0.000195 seconds.
  path: Assets/_Prefabs/Jungle/grasstop2_deco_LOD_group.prefab
  artifactKey: Guid(68e00a0d3e5cf364f8634356a015265f) Importer(815301076,1909f56bfc062723c751e8b465ee728b)
Start importing Assets/_Prefabs/Jungle/grasstop2_deco_LOD_group.prefab using Guid(68e00a0d3e5cf364f8634356a015265f) Importer(815301076,1909f56bfc062723c751e8b465ee728b)  -> (artifact id: '03235e1fe2ad14bc0d078fe0499416c6') in 0.021642 seconds 
  Import took 0.024206 seconds .

========================================================================
Received Import Request.
  Time since last request: 0.000195 seconds.
  path: Assets/_Prefabs/Jungle/block_stone_large1_LOD_group.prefab
  artifactKey: Guid(34e8bcb9df679b348894484de09acfba) Importer(815301076,1909f56bfc062723c751e8b465ee728b)
Start importing Assets/_Prefabs/Jungle/block_stone_large1_LOD_group.prefab using Guid(34e8bcb9df679b348894484de09acfba) Importer(815301076,1909f56bfc062723c751e8b465ee728b)  -> (artifact id: 'bd0e506b305bbb42d95c12c0d779e52f') in 0.022272 seconds 
  Import took 0.024810 seconds .

========================================================================
Received Import Request.
  Time since last request: 0.000181 seconds.
  path: Assets/_Prefabs/Jungle/block_stone1_head_LOD_group.prefab
  artifactKey: Guid(a52852daed6a3e842a8bf6a782473e36) Importer(815301076,1909f56bfc062723c751e8b465ee728b)
Start importing Assets/_Prefabs/Jungle/block_stone1_head_LOD_group.prefab using Guid(a52852daed6a3e842a8bf6a782473e36) Importer(815301076,1909f56bfc062723c751e8b465ee728b)  -> (artifact id: '2a94d9129dfe85df28f2f026618fc9d7') in 0.012996 seconds 
  Import took 0.015721 seconds .

========================================================================
Received Import Request.
  Time since last request: 0.000201 seconds.
  path: Assets/_Prefabs/Jungle/block_stone1_5_LOD_group.prefab
  artifactKey: Guid(634448acd7a7698449a3ff7055c7a0f1) Importer(815301076,1909f56bfc062723c751e8b465ee728b)
Start importing Assets/_Prefabs/Jungle/block_stone1_5_LOD_group.prefab using Guid(634448acd7a7698449a3ff7055c7a0f1) Importer(815301076,1909f56bfc062723c751e8b465ee728b)  -> (artifact id: '86a2f352ad6c4cc109da0fc2529abf0e') in 0.019893 seconds 
  Import took 0.022708 seconds .

========================================================================
Received Import Request.
  Time since last request: 0.000196 seconds.
  path: Assets/_Prefabs/Jungle/vine_big_curve_brown_LOD_group.prefab
  artifactKey: Guid(ef86f1b1de80efc45abb1fb36f759dab) Importer(815301076,1909f56bfc062723c751e8b465ee728b)
Start importing Assets/_Prefabs/Jungle/vine_big_curve_brown_LOD_group.prefab using Guid(ef86f1b1de80efc45abb1fb36f759dab) Importer(815301076,1909f56bfc062723c751e8b465ee728b)  -> (artifact id: '06d502606729067e4cee908c166e5bc2') in 0.012291 seconds 
  Import took 0.014925 seconds .

========================================================================
Received Import Request.
  Time since last request: 0.000217 seconds.
  path: Assets/_Prefabs/Jungle/block_stone1_1_LOD_group.prefab
  artifactKey: Guid(b8a2db9a7dffab74197c6adac18fa567) Importer(815301076,1909f56bfc062723c751e8b465ee728b)
Start importing Assets/_Prefabs/Jungle/block_stone1_1_LOD_group.prefab using Guid(b8a2db9a7dffab74197c6adac18fa567) Importer(815301076,1909f56bfc062723c751e8b465ee728b)  -> (artifact id: 'b1865439cd81d87ff6f3d1d85227d0da') in 0.014856 seconds 
  Import took 0.018488 seconds .

========================================================================
Received Import Request.
  Time since last request: 0.000202 seconds.
  path: Assets/_Prefabs/Jungle/bush_square_small_leaves_LOD_group.prefab
  artifactKey: Guid(2e619482ce917d1478f90ac6c1b6cd63) Importer(815301076,1909f56bfc062723c751e8b465ee728b)
Start importing Assets/_Prefabs/Jungle/bush_square_small_leaves_LOD_group.prefab using Guid(2e619482ce917d1478f90ac6c1b6cd63) Importer(815301076,1909f56bfc062723c751e8b465ee728b)  -> (artifact id: '5d91b83d9fbb2946ccb937ddd193175a') in 0.013515 seconds 
  Import took 0.016276 seconds .

========================================================================
Received Import Request.
  Time since last request: 0.000217 seconds.
  path: Assets/_Prefabs/Jungle/banana_tree_small_LOD_group.prefab
  artifactKey: Guid(b5bf3beae3aa5bc4f9b0620f8620d6e9) Importer(815301076,1909f56bfc062723c751e8b465ee728b)
Start importing Assets/_Prefabs/Jungle/banana_tree_small_LOD_group.prefab using Guid(b5bf3beae3aa5bc4f9b0620f8620d6e9) Importer(815301076,1909f56bfc062723c751e8b465ee728b)  -> (artifact id: '52221a011e0d8f059b2b68fc66fdf63f') in 0.026317 seconds 
  Import took 0.029206 seconds .

========================================================================
Received Import Request.
  Time since last request: 0.000187 seconds.
  path: Assets/_Prefabs/Jungle/block_stone_large3_LOD_group.prefab
  artifactKey: Guid(f3b777d2d492d7e4b9af60d1a2a67f0c) Importer(815301076,1909f56bfc062723c751e8b465ee728b)
Start importing Assets/_Prefabs/Jungle/block_stone_large3_LOD_group.prefab using Guid(f3b777d2d492d7e4b9af60d1a2a67f0c) Importer(815301076,1909f56bfc062723c751e8b465ee728b)  -> (artifact id: '8ebc8d4ed8913f029112b60b059043fd') in 0.024778 seconds 
  Import took 0.027446 seconds .

========================================================================
Received Import Request.
  Time since last request: 0.000193 seconds.
  path: Assets/_Prefabs/Jungle/block_stone1_4_LOD_group.prefab
  artifactKey: Guid(06e1c07a87013484ea80ca18b91e61a9) Importer(815301076,1909f56bfc062723c751e8b465ee728b)
Start importing Assets/_Prefabs/Jungle/block_stone1_4_LOD_group.prefab using Guid(06e1c07a87013484ea80ca18b91e61a9) Importer(815301076,1909f56bfc062723c751e8b465ee728b)  -> (artifact id: '013ebce9e381b8bac96818916974dadd') in 0.019699 seconds 
  Import took 0.022970 seconds .

AssetImportWorkerClient::OnTransportError - code=2 error=End of file
